<?xml version="1.0" encoding="UTF-8"?>
<testng-results ignored="0" total="2" passed="2" failed="0" skipped="0">
  <reporter-output>
  </reporter-output>
  <suite started-at="2023-09-06T16:36:36Z" name="Suite1" finished-at="2023-09-06T16:36:50Z" duration-ms="13663">
    <groups>
    </groups>
    <test started-at="2023-09-06T16:36:36Z" name="exampletest1" finished-at="2023-09-06T16:36:50Z" duration-ms="13663">
      <class name="test.APITest">
        <test-method signature="loginTest()[pri:0, instance:test.APITest@18a70f16]" started-at="2023-09-06T16:36:36Z" name="loginTest" finished-at="2023-09-06T16:36:44Z" duration-ms="7918" status="PASS">
          <reporter-output>
          </reporter-output>
        </test-method> <!-- loginTest -->
        <test-method signature="loginValidationTest()[pri:0, instance:test.APITest@18a70f16]" started-at="2023-09-06T16:36:44Z" name="loginValidationTest" finished-at="2023-09-06T16:36:50Z" duration-ms="5738" status="PASS">
          <reporter-output>
          </reporter-output>
        </test-method> <!-- loginValidationTest -->
      </class> <!-- test.APITest -->
    </test> <!-- exampletest1 -->
  </suite> <!-- Suite1 -->
</testng-results>
